This is pdfTeX, Version 3.1415926-2.5-1.40.14 (TeX Live 2013) (format=pdflatex 2014.6.10)  30 APR 2015 14:02
entering extended mode
 restricted \write18 enabled.
 %&-line parsing enabled.
**thesis.tex
(./thesis.tex
LaTeX2e <2011/06/27>
Babel <3.9f> and hyphenation patterns for 78 languages loaded.
(./tktltiki.cls
Document Class: tktltiki 2007/09/12 v1.1 Dokumenttiluokka TiKi-kurssia varten
(/usr/local/texlive/2013/texmf-dist/tex/latex/base/article.cls
Document Class: article 2007/10/19 v1.4h Standard LaTeX document class
(/usr/local/texlive/2013/texmf-dist/tex/latex/base/size12.clo
File: size12.clo 2007/10/19 v1.4h Standard LaTeX file (size option)
)
\c@part=\count79
\c@section=\count80
\c@subsection=\count81
\c@subsubsection=\count82
\c@paragraph=\count83
\c@subparagraph=\count84
\c@figure=\count85
\c@table=\count86
\abovecaptionskip=\skip41
\belowcaptionskip=\skip42
\bibindent=\dimen102
)
(/usr/local/texlive/2013/texmf-dist/tex/latex/base/latexsym.sty
Package: latexsym 1998/08/17 v2.2e Standard LaTeX package (lasy symbols)
\symlasy=\mathgroup4
LaTeX Font Info:    Overwriting symbol font `lasy' in version `bold'
(Font)                  U/lasy/m/n --> U/lasy/b/n on input line 47.
)
(/usr/local/texlive/2013/texmf-dist/tex/latex/base/inputenc.sty
Package: inputenc 2008/03/30 v1.1d Input encoding file
\inpenc@prehook=\toks14
\inpenc@posthook=\toks15

(/usr/local/texlive/2013/texmf-dist/tex/latex/base/latin9.def
File: latin9.def 2008/03/30 v1.1d Input encoding file
))
(/usr/local/texlive/2013/texmf-dist/tex/latex/base/fontenc.sty
Package: fontenc 2005/09/27 v1.99g Standard LaTeX package

(/usr/local/texlive/2013/texmf-dist/tex/latex/base/t1enc.def
File: t1enc.def 2005/09/27 v1.99g Standard LaTeX file
LaTeX Font Info:    Redeclaring font encoding T1 on input line 43.
))
(/usr/local/texlive/2013/texmf-dist/tex/generic/babel/babel.sty
Package: babel 2013/05/16 v3.9f The Babel package

(/usr/local/texlive/2013/texmf-dist/tex/generic/babel-english/english.ldf
Language: english 2012/08/20 v3.3p English support from the babel system

(/usr/local/texlive/2013/texmf-dist/tex/generic/babel/babel.def
File: babel.def 2013/05/16 v3.9f Babel common definitions
\babel@savecnt=\count87
\U@D=\dimen103
)
\l@canadian = a dialect from \language\l@american 
\l@australian = a dialect from \language\l@british 
\l@newzealand = a dialect from \language\l@british 
))
(/usr/local/texlive/2013/texmf-dist/tex/latex/geometry/geometry.sty
Package: geometry 2010/09/12 v5.6 Page Geometry

(/usr/local/texlive/2013/texmf-dist/tex/latex/graphics/keyval.sty
Package: keyval 1999/03/16 v1.13 key=value parser (DPC)
\KV@toks@=\toks16
)
(/usr/local/texlive/2013/texmf-dist/tex/generic/oberdiek/ifpdf.sty
Package: ifpdf 2011/01/30 v2.3 Provides the ifpdf switch (HO)
Package ifpdf Info: pdfTeX in PDF mode is detected.
)
(/usr/local/texlive/2013/texmf-dist/tex/generic/oberdiek/ifvtex.sty
Package: ifvtex 2010/03/01 v1.5 Detect VTeX and its facilities (HO)
Package ifvtex Info: VTeX not detected.
)
(/usr/local/texlive/2013/texmf-dist/tex/generic/ifxetex/ifxetex.sty
Package: ifxetex 2010/09/12 v0.6 Provides ifxetex conditional
)
\Gm@cnth=\count88
\Gm@cntv=\count89
\c@Gm@tempcnt=\count90
\Gm@bindingoffset=\dimen104
\Gm@wd@mp=\dimen105
\Gm@odd@mp=\dimen106
\Gm@even@mp=\dimen107
\Gm@layoutwidth=\dimen108
\Gm@layoutheight=\dimen109
\Gm@layouthoffset=\dimen110
\Gm@layoutvoffset=\dimen111
\Gm@dimlist=\toks17
)

Package geometry Warning: Over-specification in `h'-direction.
    `width' (426.79134pt) is ignored.

\c@appendix=\count91
\c@appendixpage=\count92
(/usr/local/texlive/2013/texmf-dist/tex/latex/base/openbib.sty)
\@abstract=\box26
)
(/usr/local/texlive/2013/texmf-dist/tex/latex/graphics/graphicx.sty
Package: graphicx 1999/02/16 v1.0f Enhanced LaTeX Graphics (DPC,SPQR)

(/usr/local/texlive/2013/texmf-dist/tex/latex/graphics/graphics.sty
Package: graphics 2009/02/05 v1.0o Standard LaTeX Graphics (DPC,SPQR)

(/usr/local/texlive/2013/texmf-dist/tex/latex/graphics/trig.sty
Package: trig 1999/03/16 v1.09 sin cos tan (DPC)
)
(/usr/local/texlive/2013/texmf-dist/tex/latex/latexconfig/graphics.cfg
File: graphics.cfg 2010/04/23 v1.9 graphics configuration of TeX Live
)
Package graphics Info: Driver file: pdftex.def on input line 91.

(/usr/local/texlive/2013/texmf-dist/tex/latex/pdftex-def/pdftex.def
File: pdftex.def 2011/05/27 v0.06d Graphics/color for pdfTeX

(/usr/local/texlive/2013/texmf-dist/tex/generic/oberdiek/infwarerr.sty
Package: infwarerr 2010/04/08 v1.3 Providing info/warning/error messages (HO)
)
(/usr/local/texlive/2013/texmf-dist/tex/generic/oberdiek/ltxcmds.sty
Package: ltxcmds 2011/11/09 v1.22 LaTeX kernel commands for general use (HO)
)
\Gread@gobject=\count93
))
\Gin@req@height=\dimen112
\Gin@req@width=\dimen113
)
(/usr/local/texlive/2013/texmf-dist/tex/latex/subfigure/subfigure.sty
Package: subfigure 2002/03/15 v2.1.5 subfigure package
\subfigtopskip=\skip43
\subfigcapskip=\skip44
\subfigcaptopadj=\dimen114
\subfigbottomskip=\skip45
\subfigcapmargin=\dimen115
\subfiglabelskip=\skip46
\c@subfigure=\count94
\c@lofdepth=\count95
\c@subtable=\count96
\c@lotdepth=\count97

****************************************
* Local config file subfigure.cfg used *
****************************************
(/usr/local/texlive/2013/texmf-dist/tex/latex/subfigure/subfigure.cfg)
\subfig@top=\skip47
\subfig@bottom=\skip48
)
(/usr/local/texlive/2013/texmf-dist/tex/latex/url/url.sty
\Urlmuskip=\muskip10
Package: url 2006/04/12  ver 3.3  Verb mode for urls, etc.
)
(/usr/local/texlive/2013/texmf-dist/tex/latex/comment/comment.sty
\CommentStream=\write3

Excluding comment 'comment')
(/usr/local/texlive/2013/texmf-dist/tex/latex/amscls/amsthm.sty
Package: amsthm 2004/08/06 v2.20
\thm@style=\toks18
\thm@bodyfont=\toks19
\thm@headfont=\toks20
\thm@notefont=\toks21
\thm@headpunct=\toks22
\thm@preskip=\skip49
\thm@postskip=\skip50
\thm@headsep=\skip51
\dth@everypar=\toks23
)
(/usr/local/texlive/2013/texmf-dist/tex/latex/amsmath/amsmath.sty
Package: amsmath 2013/01/14 v2.14 AMS math features
\@mathmargin=\skip52

For additional information on amsmath, use the `?' option.
(/usr/local/texlive/2013/texmf-dist/tex/latex/amsmath/amstext.sty
Package: amstext 2000/06/29 v2.01

(/usr/local/texlive/2013/texmf-dist/tex/latex/amsmath/amsgen.sty
File: amsgen.sty 1999/11/30 v2.0
\@emptytoks=\toks24
\ex@=\dimen116
))
(/usr/local/texlive/2013/texmf-dist/tex/latex/amsmath/amsbsy.sty
Package: amsbsy 1999/11/29 v1.2d
\pmbraise@=\dimen117
)
(/usr/local/texlive/2013/texmf-dist/tex/latex/amsmath/amsopn.sty
Package: amsopn 1999/12/14 v2.01 operator names
)
\inf@bad=\count98
LaTeX Info: Redefining \frac on input line 210.
\uproot@=\count99
\leftroot@=\count100
LaTeX Info: Redefining \overline on input line 306.
\classnum@=\count101
\DOTSCASE@=\count102
LaTeX Info: Redefining \ldots on input line 378.
LaTeX Info: Redefining \dots on input line 381.
LaTeX Info: Redefining \cdots on input line 466.
\Mathstrutbox@=\box27
\strutbox@=\box28
\big@size=\dimen118
LaTeX Font Info:    Redeclaring font encoding OML on input line 566.
LaTeX Font Info:    Redeclaring font encoding OMS on input line 567.
\macc@depth=\count103
\c@MaxMatrixCols=\count104
\dotsspace@=\muskip11
\c@parentequation=\count105
\dspbrk@lvl=\count106
\tag@help=\toks25
\row@=\count107
\column@=\count108
\maxfields@=\count109
\andhelp@=\toks26
\eqnshift@=\dimen119
\alignsep@=\dimen120
\tagshift@=\dimen121
\tagwidth@=\dimen122
\totwidth@=\dimen123
\lineht@=\dimen124
\@envbody=\toks27
\multlinegap=\skip53
\multlinetaggap=\skip54
\mathdisplay@stack=\toks28
LaTeX Info: Redefining \[ on input line 2665.
LaTeX Info: Redefining \] on input line 2666.
)
(/usr/local/texlive/2013/texmf-dist/tex/latex/amsfonts/amssymb.sty
Package: amssymb 2013/01/14 v3.01 AMS font symbols

(/usr/local/texlive/2013/texmf-dist/tex/latex/amsfonts/amsfonts.sty
Package: amsfonts 2013/01/14 v3.01 Basic AMSFonts support
\symAMSa=\mathgroup5
\symAMSb=\mathgroup6
LaTeX Font Info:    Overwriting math alphabet `\mathfrak' in version `bold'
(Font)                  U/euf/m/n --> U/euf/b/n on input line 106.
))
(/usr/local/texlive/2013/texmf-dist/tex/generic/xypic/xy.sty
(/usr/local/texlive/2013/texmf-dist/tex/generic/xypic/xy.tex Bootstrap'ing:
catcodes, docmode,
(/usr/local/texlive/2013/texmf-dist/tex/generic/xypic/xyrecat.tex)
(/usr/local/texlive/2013/texmf-dist/tex/generic/xypic/xyidioms.tex)

 Xy-pic version 3.8.8 <2012/05/24>
 Copyright (c) 1991-2011 by Kristoffer H. Rose <krisrose@tug.org>
 Xy-pic is free software: see the User's Guide for details.

Loading kernel: messages; fonts; allocations: state,
\X@c=\dimen125
\Y@c=\dimen126
\U@c=\dimen127
\D@c=\dimen128
\L@c=\dimen129
\R@c=\dimen130
\Edge@c=\toks29
\X@p=\dimen131
\Y@p=\dimen132
\U@p=\dimen133
\D@p=\dimen134
\L@p=\dimen135
\R@p=\dimen136
\Edge@p=\toks30
\X@origin=\dimen137
\Y@origin=\dimen138
\X@xbase=\dimen139
\Y@xbase=\dimen140
\X@ybase=\dimen141
\Y@ybase=\dimen142
\X@min=\dimen143
\Y@min=\dimen144
\X@max=\dimen145
\Y@max=\dimen146
\lastobjectbox@=\box29
\zerodotbox@=\box30
\almostz@=\dimen147
 direction,
\d@X=\dimen148
\d@Y=\dimen149
\K@=\count110
\KK@=\count111
\Direction=\count112
\K@dXdY=\dimen150
\K@dYdX=\dimen151
\xyread@=\read1
\xywrite@=\write4
\csp@=\count113
\quotPTK@=\dimen152

utility macros; pictures: \xy, positions,
\swaptoks@@=\toks31
\connectobjectbox@@=\box31
 objects,
\styletoks@=\toks32
 decorations;
kernel objects: directionals, circles, text; options; algorithms: directions,
edges, connections;  Xy-pic loaded)
Package: xy 2012/05/24 Xy-pic version 3.8.8

(/usr/local/texlive/2013/texmf-dist/tex/generic/xypic/xyall.tex
 Xy-pic option: All features v.3.8
(/usr/local/texlive/2013/texmf-dist/tex/generic/xypic/xycurve.tex
 Xy-pic option: Curve and Spline extension v.3.12 curve,
\crv@cnt@=\count114
\crvpts@=\toks33
\splinebox@=\box32
\splineval@=\dimen153
\splinedepth@=\dimen154
\splinetol@=\dimen155
\splinelength@=\dimen156
 circles,
\L@=\dimen157
 loaded)
(/usr/local/texlive/2013/texmf-dist/tex/generic/xypic/xyframe.tex
 Xy-pic option: Frame and Bracket extension v.3.14 loaded)
(/usr/local/texlive/2013/texmf-dist/tex/generic/xypic/xycmtip.tex
 Xy-pic option: Computer Modern tip extension v.3.7
(/usr/local/texlive/2013/texmf-dist/tex/generic/xypic/xytips.tex
 Xy-pic option: More Tips extension v.3.9 loaded) loaded)
(/usr/local/texlive/2013/texmf-dist/tex/generic/xypic/xyline.tex
 Xy-pic option: Line styles extension v.3.10
\xylinethick@=\dimen158
 loaded)
(/usr/local/texlive/2013/texmf-dist/tex/generic/xypic/xyrotate.tex
 Xy-pic option: Rotate and Scale extension v.3.8 loaded)
(/usr/local/texlive/2013/texmf-dist/tex/generic/xypic/xycolor.tex
 Xy-pic option: Colour extension v.3.11 loaded)
(/usr/local/texlive/2013/texmf-dist/tex/generic/xypic/xymatrix.tex
 Xy-pic option: Matrix feature v.3.14
\Row=\count115
\Col=\count116
\queue@=\toks34
\queue@@=\toks35
\qcount@=\count117
\qcount@@=\count118
\matrixsize@=\count119
 loaded)
(/usr/local/texlive/2013/texmf-dist/tex/generic/xypic/xyarrow.tex
 Xy-pic option: Arrow and Path feature v.3.9 path, \ar, loaded)
(/usr/local/texlive/2013/texmf-dist/tex/generic/xypic/xygraph.tex
 Xy-pic option: Graph feature v.3.11 loaded) loaded)
(/usr/local/texlive/2013/texmf-dist/tex/generic/xypic/xypdf.tex
 Xy-pic option: PDF driver v.1.7 Xy-pic pdf driver: `color' extension support
(/usr/local/texlive/2013/texmf-dist/tex/generic/xypic/xypdf-co.tex loaded)
Xy-pic pdf driver: `curve' extension support
(/usr/local/texlive/2013/texmf-dist/tex/generic/xypic/xypdf-cu.tex loaded)
Xy-pic pdf driver: `frame' extension support
(/usr/local/texlive/2013/texmf-dist/tex/generic/xypic/xypdf-fr.tex loaded)
Xy-pic pdf driver: `line' extension support
(/usr/local/texlive/2013/texmf-dist/tex/generic/xypic/xypdf-li.tex loaded)
Xy-pic pdf driver: `rotate' extension support
(/usr/local/texlive/2013/texmf-dist/tex/generic/xypic/xypdf-ro.tex loaded)
loaded)) (/usr/local/texlive/2013/texmf-dist/tex/latex/stmaryrd/stmaryrd.sty
Package: stmaryrd 1994/03/03 St Mary's Road symbol package
\symstmry=\mathgroup7
LaTeX Font Info:    Overwriting symbol font `stmry' in version `bold'
(Font)                  U/stmry/m/n --> U/stmry/b/n on input line 89.
)
(./algorithm.sty
\c@algorithm=\count120
\Blockindent=\skip55
\algorithmindent=\skip56
) (./algorithmic.sty
Package: algorithmic 

Document Style `algorithmic' - environment
(/usr/local/texlive/2013/texmf-dist/tex/latex/base/ifthen.sty
Package: ifthen 2001/05/26 v1.1c Standard LaTeX ifthen package (DPC)
)
(/usr/local/texlive/2013/texmf-dist/tex/latex/tools/calc.sty
Package: calc 2007/08/22 v4.3 Infix arithmetic (KKT,FJ)
\calc@Acount=\count121
\calc@Bcount=\count122
\calc@Adimen=\dimen159
\calc@Bdimen=\dimen160
\calc@Askip=\skip57
\calc@Bskip=\skip58
LaTeX Info: Redefining \setlength on input line 76.
LaTeX Info: Redefining \addtolength on input line 77.
\calc@Ccount=\count123
\calc@Cskip=\skip59
)
\c@ALC@line=\count124
\c@ALC@rem=\count125
\ALC@tlm=\skip60
)
(/usr/local/texlive/2013/texmf-dist/tex/latex/multirow/multirow.sty
\bigstrutjot=\dimen161
)
(./thesis.aux)
\openout1 = `thesis.aux'.

LaTeX Font Info:    Checking defaults for OML/cmm/m/it on input line 128.
LaTeX Font Info:    ... okay on input line 128.
LaTeX Font Info:    Checking defaults for T1/cmr/m/n on input line 128.
LaTeX Font Info:    ... okay on input line 128.
LaTeX Font Info:    Checking defaults for OT1/cmr/m/n on input line 128.
LaTeX Font Info:    ... okay on input line 128.
LaTeX Font Info:    Checking defaults for OMS/cmsy/m/n on input line 128.
LaTeX Font Info:    ... okay on input line 128.
LaTeX Font Info:    Checking defaults for OMX/cmex/m/n on input line 128.
LaTeX Font Info:    ... okay on input line 128.
LaTeX Font Info:    Checking defaults for U/cmr/m/n on input line 128.
LaTeX Font Info:    ... okay on input line 128.

*geometry* driver: auto-detecting
*geometry* detected driver: pdftex
*geometry* verbose mode - [ preamble ] result:
* driver: pdftex
* paper: <default>
* layout: <same size as paper>
* layoutoffset:(h,v)=(0.0pt,0.0pt)
* modes: 
* h-part:(L,W,R)=(99.58464pt, 426.79135pt, 71.13188pt)
* v-part:(T,H,B)=(71.13188pt, 654.41338pt, 119.50159pt)
* \paperwidth=597.50787pt
* \paperheight=845.04684pt
* \textwidth=426.79135pt
* \textheight=654.41338pt
* \oddsidemargin=27.31465pt
* \evensidemargin=27.31465pt
* \topmargin=-29.59084pt
* \headheight=14.22636pt
* \headsep=14.22636pt
* \topskip=12.0pt
* \footskip=30.0pt
* \marginparwidth=35.0pt
* \marginparsep=10.0pt
* \columnsep=10.0pt
* \skip\footins=10.8pt plus 4.0pt minus 2.0pt
* \hoffset=0.0pt
* \voffset=0.0pt
* \mag=1000
* \@twocolumnfalse
* \@twosidefalse
* \@mparswitchfalse
* \@reversemarginfalse
* (1in=72.27pt=25.4mm, 1cm=28.453pt)

(/usr/local/texlive/2013/texmf-dist/tex/context/base/supp-pdf.mkii
[Loading MPS to PDF converter (version 2006.09.02).]
\scratchcounter=\count126
\scratchdimen=\dimen162
\scratchbox=\box33
\nofMPsegments=\count127
\nofMParguments=\count128
\everyMPshowfont=\toks36
\MPscratchCnt=\count129
\MPscratchDim=\dimen163
\MPnumerator=\count130
\makeMPintoPDFobject=\count131
\everyMPtoPDFconversion=\toks37
) (/usr/local/texlive/2013/texmf-dist/tex/generic/oberdiek/pdftexcmds.sty
Package: pdftexcmds 2011/11/29 v0.20 Utility functions of pdfTeX for LuaTeX (HO
)

(/usr/local/texlive/2013/texmf-dist/tex/generic/oberdiek/ifluatex.sty
Package: ifluatex 2010/03/01 v1.3 Provides the ifluatex switch (HO)
Package ifluatex Info: LuaTeX not detected.
)
Package pdftexcmds Info: LuaTeX not detected.
Package pdftexcmds Info: \pdf@primitive is available.
Package pdftexcmds Info: \pdf@ifprimitive is available.
Package pdftexcmds Info: \pdfdraftmode found.
)
(/usr/local/texlive/2013/texmf-dist/tex/latex/oberdiek/epstopdf-base.sty
Package: epstopdf-base 2010/02/09 v2.5 Base part for package epstopdf

(/usr/local/texlive/2013/texmf-dist/tex/latex/oberdiek/grfext.sty
Package: grfext 2010/08/19 v1.1 Manage graphics extensions (HO)

(/usr/local/texlive/2013/texmf-dist/tex/generic/oberdiek/kvdefinekeys.sty
Package: kvdefinekeys 2011/04/07 v1.3 Define keys (HO)
))
(/usr/local/texlive/2013/texmf-dist/tex/latex/oberdiek/kvoptions.sty
Package: kvoptions 2011/06/30 v3.11 Key value format for package options (HO)

(/usr/local/texlive/2013/texmf-dist/tex/generic/oberdiek/kvsetkeys.sty
Package: kvsetkeys 2012/04/25 v1.16 Key value parser (HO)

(/usr/local/texlive/2013/texmf-dist/tex/generic/oberdiek/etexcmds.sty
Package: etexcmds 2011/02/16 v1.5 Avoid name clashes with e-TeX commands (HO)
Package etexcmds Info: Could not find \expanded.
(etexcmds)             That can mean that you are not using pdfTeX 1.50 or
(etexcmds)             that some package has redefined \expanded.
(etexcmds)             In the latter case, load this package earlier.
)))
Package grfext Info: Graphics extension search list:
(grfext)             [.png,.pdf,.jpg,.mps,.jpeg,.jbig2,.jb2,.PNG,.PDF,.JPG,.JPE
G,.JBIG2,.JB2,.eps]
(grfext)             \AppendGraphicsExtensions on input line 452.

(/usr/local/texlive/2013/texmf-dist/tex/latex/latexconfig/epstopdf-sys.cfg
File: epstopdf-sys.cfg 2010/07/13 v1.3 Configuration of (r)epstopdf for TeX Liv
e
))
LaTeX Font Info:    Try loading font information for U+lasy on input line 128.

(/usr/local/texlive/2013/texmf-dist/tex/latex/base/ulasy.fd
File: ulasy.fd 1998/08/17 v2.2e LaTeX symbol font definitions
)
LaTeX Font Info:    Try loading font information for U+msa on input line 128.

(/usr/local/texlive/2013/texmf-dist/tex/latex/amsfonts/umsa.fd
File: umsa.fd 2013/01/14 v3.01 AMS symbols A
)
LaTeX Font Info:    Try loading font information for U+msb on input line 128.

(/usr/local/texlive/2013/texmf-dist/tex/latex/amsfonts/umsb.fd
File: umsb.fd 2013/01/14 v3.01 AMS symbols B
)
LaTeX Font Info:    Try loading font information for U+stmry on input line 128.


(/usr/local/texlive/2013/texmf-dist/tex/latex/stmaryrd/Ustmry.fd)
Package xypdf Info: Line width: 0.47998pt on input line 128.
 [1

{/usr/local/texlive/2013/texmf-var/fonts/map/pdftex/updmap/pdftex.map}]
Underfull \hbox (badness 10000) in paragraph at lines 177--180

 []


Underfull \hbox (badness 10000) in paragraph at lines 177--180

 []


Overfull \hbox (153.20865pt too wide) in paragraph at lines 180--180
[][] 
 []


Overfull \vbox (190.58662pt too high) has occurred while \output is active []


[1] [2

] (./thesis.toc [3

])
\tf@toc=\write5
\openout5 = `thesis.toc'.

 [4] [1

] [2]
<./plots/empirical_risk.pdf, id=36, 578.16pt x 578.16pt>
File: ./plots/empirical_risk.pdf Graphic file (type pdf)

<use ./plots/empirical_risk.pdf>
Package pdftex.def Info: ./plots/empirical_risk.pdf used on input line 290.
(pdftex.def)             Requested size: 256.07741pt x 256.07619pt.

<./plots/linear_perceptron.pdf, id=37, 578.16pt x 578.16pt>
File: ./plots/linear_perceptron.pdf Graphic file (type pdf)

<use ./plots/linear_perceptron.pdf>
Package pdftex.def Info: ./plots/linear_perceptron.pdf used on input line 301.
(pdftex.def)             Requested size: 256.07741pt x 256.07619pt.

<./plots/margin_maximization.pdf, id=38, 578.16pt x 578.16pt>
File: ./plots/margin_maximization.pdf Graphic file (type pdf)

<use ./plots/margin_maximization.pdf>
Package pdftex.def Info: ./plots/margin_maximization.pdf used on input line 314
.
(pdftex.def)             Requested size: 256.07741pt x 256.07619pt.
 [3

] [4 <./plots/empirical_risk.pdf>]
[5 <./plots/linear_perceptron.pdf>] [6 <./plots/margin_maximization.pdf>]
<./plots/soft_margin.pdf, id=67, 578.16pt x 578.16pt>
File: ./plots/soft_margin.pdf Graphic file (type pdf)

<use ./plots/soft_margin.pdf>
Package pdftex.def Info: ./plots/soft_margin.pdf used on input line 399.
(pdftex.def)             Requested size: 256.07741pt x 256.07619pt.
 [7] [8 <./plots/soft_margin.pdf>] [9]
<./plots/kernel_svm.pdf, id=83, 1156.32pt x 578.16pt>
File: ./plots/kernel_svm.pdf Graphic file (type pdf)

<use ./plots/kernel_svm.pdf>
Package pdftex.def Info: ./plots/kernel_svm.pdf used on input line 465.
(pdftex.def)             Requested size: 384.1096pt x 192.05493pt.

Overfull \hbox (1.4336pt too wide) in paragraph at lines 476--478
\T1/cmr/m/n/12 a set of ob-jects in high di-men-sional fea-ture space $\OML/cmm
/m/it/12 '\OT1/cmr/m/n/12 (\OMS/cmsy/m/n/12 X\OT1/cmr/m/n/12 ) = (\OML/cmm/m/it
/12 '\OT1/cmr/m/n/12 (\OT1/cmr/bx/n/12 x[]\OT1/cmr/m/n/12 )\OML/cmm/m/it/12 ; '
\OT1/cmr/m/n/12 (\OT1/cmr/bx/n/12 x[]\OT1/cmr/m/n/12 )\OML/cmm/m/it/12 ; []  ; 
'\OT1/cmr/m/n/12 (\OT1/cmr/bx/n/12 x[]\OT1/cmr/m/n/12 )) \OMS/cmsy/m/n/12 2
 []

[10 <./plots/kernel_svm.pdf>] [11] [12] [13]
<./plots/multiclass_svm.pdf, id=102, 1156.32pt x 578.16pt>
File: ./plots/multiclass_svm.pdf Graphic file (type pdf)

<use ./plots/multiclass_svm.pdf>
Package pdftex.def Info: ./plots/multiclass_svm.pdf used on input line 609.
(pdftex.def)             Requested size: 384.1096pt x 192.05493pt.
 [14 <./plots/multiclass_svm.pdf>] [15]
Overfull \hbox (1.06775pt too wide) in paragraph at lines 648--650
\T1/cmr/m/n/12 where $\OT1/cmr/bx/n/12 w[]$ \T1/cmr/m/n/12 is the pa-ram-e-ter 
as-so-ci-ated to each edge and $\OML/cmm/m/it/12 Z\OT1/cmr/m/n/12 (\OML/cmm/m/i
t/12 x; \OT1/cmr/bx/n/12 w\OT1/cmr/m/n/12 ) = [][] []$
 []

[16] [17] [18] [19]
LaTeX Font Info:    Try loading font information for T1+cmtt on input line 753.


(/usr/local/texlive/2013/texmf-dist/tex/latex/base/t1cmtt.fd
File: t1cmtt.fd 1999/05/25 v2.5h Standard LaTeX font definitions
)
<./plots/molecular_graph.pdf, id=128, 815.9109pt x 413.47357pt>
File: ./plots/molecular_graph.pdf Graphic file (type pdf)

<use ./plots/molecular_graph.pdf>
Package pdftex.def Info: ./plots/molecular_graph.pdf used on input line 760.
(pdftex.def)             Requested size: 426.79135pt x 216.28192pt.
 [20

]
<./plots/mol_file.pdf, id=134, 941.96663pt x 411.381pt>
File: ./plots/mol_file.pdf Graphic file (type pdf)

<use ./plots/mol_file.pdf>
Package pdftex.def Info: ./plots/mol_file.pdf used on input line 785.
(pdftex.def)             Requested size: 341.43437pt x 149.11394pt.
 [21 <./plots/molecular_graph.pdf>]
<./plots/tp_reducing.pdf, id=150, 889.87608pt x 407.924pt>
File: ./plots/tp_reducing.pdf Graphic file (type pdf)

<use ./plots/tp_reducing.pdf>
Package pdftex.def Info: ./plots/tp_reducing.pdf used on input line 841.
(pdftex.def)             Requested size: 426.79135pt x 195.64568pt.

<./plots/fg_reducing.pdf, id=151, 937.33917pt x 407.924pt>
File: ./plots/fg_reducing.pdf Graphic file (type pdf)

<use ./plots/fg_reducing.pdf>
Package pdftex.def Info: ./plots/fg_reducing.pdf used on input line 861.
(pdftex.def)             Requested size: 426.79135pt x 185.7364pt.
 [22 <./plots/mol_file.pdf>] [23 <./plots/tp_reducing.pdf>] [24 <./plots/fg_red
ucing.pdf>]
<./plots/substructure_key.pdf, id=268, 845.54591pt x 409.01465pt>
File: ./plots/substructure_key.pdf Graphic file (type pdf)

<use ./plots/substructure_key.pdf>
Package pdftex.def Info: ./plots/substructure_key.pdf used on input line 888.
(pdftex.def)             Requested size: 426.79135pt x 206.45403pt.
 [25 <./plots/substructure_key.pdf>] [26]
[27

] <./plots/probability_scheme.pdf, id=407, 516.32903pt x 412.74202pt>
File: ./plots/probability_scheme.pdf Graphic file (type pdf)

<use ./plots/probability_scheme.pdf>
Package pdftex.def Info: ./plots/probability_scheme.pdf used on input line 970.

(pdftex.def)             Requested size: 298.75264pt x 238.81743pt.
 [28 <./plots/probability_scheme.pdf>]
<./plots/product_graph.pdf, id=451, 1022.30626pt x 728.49773pt>
File: ./plots/product_graph.pdf Graphic file (type pdf)

<use ./plots/product_graph.pdf>
Package pdftex.def Info: ./plots/product_graph.pdf used on input line 1023.
(pdftex.def)             Requested size: 341.43437pt x 243.30626pt.

Overfull \hbox (12.97235pt too wide) in paragraph at lines 1034--1035
\T1/cmr/m/n/12 clud-ing a start-ing prob-a-bil-ity $\OML/cmm/m/it/12 ^^Y[]\OT1/
cmr/m/n/12 ((\OML/cmm/m/it/12 v[]; u[]\OT1/cmr/m/n/12 ))$\T1/cmr/m/n/12 , a tra
n-si-tion prob-a-bil-ity $\OML/cmm/m/it/12 ^^Y[]\OT1/cmr/m/n/12 ((\OML/cmm/m/it
/12 v[]; u[]\OT1/cmr/m/n/12 )\OMS/cmsy/m/n/12 j\OT1/cmr/m/n/12 (\OML/cmm/m/it/1
2 v[]; u[]\OT1/cmr/m/n/12 ))$\T1/cmr/m/n/12 ,
 []

[29] [30 <./plots/product_graph.pdf>]
<./plots/walk_contribution.pdf, id=473, 578.16pt x 578.16pt>
File: ./plots/walk_contribution.pdf Graphic file (type pdf)

<use ./plots/walk_contribution.pdf>
Package pdftex.def Info: ./plots/walk_contribution.pdf used on input line 1093.

(pdftex.def)             Requested size: 298.75264pt x 298.7482pt.
 [31] [32 <./plots/walk_contribution.pdf>]
[33] <./plots/decomposition.pdf, id=488, 516.32903pt x 412.74202pt>
File: ./plots/decomposition.pdf Graphic file (type pdf)

<use ./plots/decomposition.pdf>
Package pdftex.def Info: ./plots/decomposition.pdf used on input line 1141.
(pdftex.def)             Requested size: 256.07741pt x 204.70784pt.

<./plots/intersection.jpg, id=489, 867.24pt x 424.9476pt>
File: ./plots/intersection.jpg Graphic file (type jpg)

<use ./plots/intersection.jpg>
Package pdftex.def Info: ./plots/intersection.jpg used on input line 1158.
(pdftex.def)             Requested size: 426.79135pt x 209.12744pt.
 [34 <./plots/decomposition.pdf>] [35 <./plots/intersection.jpg>] [36] [37] [38
]
<./plots/mutag_atom_statistics.pdf, id=534, 1156.32pt x 578.16pt>
File: ./plots/mutag_atom_statistics.pdf Graphic file (type pdf)

<use ./plots/mutag_atom_statistics.pdf>
Package pdftex.def Info: ./plots/mutag_atom_statistics.pdf used on input line 1
341.
(pdftex.def)             Requested size: 384.1096pt x 192.05493pt.

<./plots/mutag_bond_statistics.pdf, id=535, 1156.32pt x 578.16pt>
File: ./plots/mutag_bond_statistics.pdf Graphic file (type pdf)

<use ./plots/mutag_bond_statistics.pdf>
Package pdftex.def Info: ./plots/mutag_bond_statistics.pdf used on input line 1
349.
(pdftex.def)             Requested size: 384.1096pt x 192.05493pt.


LaTeX Warning: `h' float specifier changed to `ht'.

[39

 <./plots/mutag_atom_statistics.pdf>] [40 <./plots/mutag_bond_statistics.pdf>] 
<./plots/activity_hist.pdf, id=549, 578.16pt x 578.16pt>
File: ./plots/activity_hist.pdf Graphic file (type pdf)

<use ./plots/activity_hist.pdf>
Package pdftex.def Info: ./plots/activity_hist.pdf used on input line 1414.
(pdftex.def)             Requested size: 256.07741pt x 256.07619pt.

<./plots/kernel_heatmap.pdf, id=550, 578.16pt x 578.16pt>
File: ./plots/kernel_heatmap.pdf Graphic file (type pdf)

<use ./plots/kernel_heatmap.pdf>
Package pdftex.def Info: ./plots/kernel_heatmap.pdf used on input line 1425.
(pdftex.def)             Requested size: 256.07741pt x 256.07619pt.
 [41 <./plots/activity_hist.pdf>] [42] [43 <./plots/kernel_heatmap.pdf>] [44] [
45]
Overfull \hbox (1.7804pt too wide) in paragraph at lines 1542--1543
[]\T1/cmr/m/n/12 Take the min-i-mum num-ber of edges that make
 []

<./plots/spanning_tree.pdf, id=574, 1156.32pt x 1734.48pt>
File: ./plots/spanning_tree.pdf Graphic file (type pdf)

<use ./plots/spanning_tree.pdf>
Package pdftex.def Info: ./plots/spanning_tree.pdf used on input line 1552.
(pdftex.def)             Requested size: 426.79135pt x 640.18607pt.


LaTeX Warning: Float too large for page by 55.27196pt on input line 1556.

<./plots/isomap.pdf, id=575, 1156.32pt x 1734.48pt>
File: ./plots/isomap.pdf Graphic file (type pdf)
 <use ./plots/isomap.pdf>
Package pdftex.def Info: ./plots/isomap.pdf used on input line 1561.
(pdftex.def)             Requested size: 426.79135pt x 640.18607pt.


LaTeX Warning: Float too large for page by 69.77196pt on input line 1565.

[46] [47 <./plots/spanning_tree.pdf>] [48 <./plots/isomap.pdf>] [49

] [50]
[51] <./plots/result_mutag_lambda.pdf, id=602, 578.16pt x 578.16pt>
File: ./plots/result_mutag_lambda.pdf Graphic file (type pdf)

<use ./plots/result_mutag_lambda.pdf>
Package pdftex.def Info: ./plots/result_mutag_lambda.pdf used on input line 172
1.
(pdftex.def)             Requested size: 256.07741pt x 256.07619pt.

<./plots/result_mutag_l.pdf, id=603, 578.16pt x 578.16pt>
File: ./plots/result_mutag_l.pdf Graphic file (type pdf)

<use ./plots/result_mutag_l.pdf>
Package pdftex.def Info: ./plots/result_mutag_l.pdf used on input line 1730.
(pdftex.def)             Requested size: 256.07741pt x 256.07619pt.
 [52] [53 <./plots/result_mutag_lambda.pdf>]
[54 <./plots/result_mutag_l.pdf>] [55]
<./plots/graph_effect.pdf, id=624, 578.16pt x 578.16pt>
File: ./plots/graph_effect.pdf Graphic file (type pdf)

<use ./plots/graph_effect.pdf>
Package pdftex.def Info: ./plots/graph_effect.pdf used on input line 1834.
(pdftex.def)             Requested size: 277.41176pt x 277.40778pt.
 <./plots/net.pdf, id=625, 722.7pt x 722.7pt>
File: ./plots/net.pdf Graphic file (type pdf)

<use ./plots/net.pdf>
Package pdftex.def Info: ./plots/net.pdf used on input line 1843.
(pdftex.def)             Requested size: 277.41176pt x 277.40778pt.


LaTeX Warning: `h' float specifier changed to `ht'.

<./plots/acc-f1-combined.pdf, id=626, 1156.32pt x 1734.48pt>
File: ./plots/acc-f1-combined.pdf Graphic file (type pdf)

<use ./plots/acc-f1-combined.pdf>
Package pdftex.def Info: ./plots/acc-f1-combined.pdf used on input line 1854.
(pdftex.def)             Requested size: 426.79135pt x 640.18607pt.


LaTeX Warning: Float too large for page by 27.77196pt on input line 1857.

[56] <./plots/acc-f1-combined-cellline.pdf, id=631, 1156.32pt x 1734.48pt>
File: ./plots/acc-f1-combined-cellline.pdf Graphic file (type pdf)

<use ./plots/acc-f1-combined-cellline.pdf>
Package pdftex.def Info: ./plots/acc-f1-combined-cellline.pdf used on input lin
e 1860.
(pdftex.def)             Requested size: 426.79135pt x 640.18607pt.


LaTeX Warning: Float too large for page by 41.60545pt on input line 1863.

[57 <./plots/graph_effect.pdf>] [58 <./plots/net.pdf>] [59 <./plots/acc-f1-comb
ined.pdf>] [60 <./plots/acc-f1-combined-cellline.pdf>]
<./plots/lbp_effect.pdf, id=661, 578.16pt x 578.16pt>
File: ./plots/lbp_effect.pdf Graphic file (type pdf)

<use ./plots/lbp_effect.pdf>
Package pdftex.def Info: ./plots/lbp_effect.pdf used on input line 1934.
(pdftex.def)             Requested size: 256.07741pt x 256.07619pt.
 [61]
<plots/cputime.pdf, id=666, 578.16pt x 578.16pt>
File: plots/cputime.pdf Graphic file (type pdf)
 <use plots/cputime.pdf>
Package pdftex.def Info: plots/cputime.pdf used on input line 1949.
(pdftex.def)             Requested size: 256.07741pt x 256.07619pt.

[62 <./plots/lbp_effect.pdf>] [63 <./plots/cputime.pdf>]
Overfull \hbox (12.42072pt too wide) in paragraph at lines 1965--1966
\T1/cmr/m/n/12 This work ex-plores a ma-chine learn-ing ap-proach for clas-si-f
i-ca-tion of drug-like molecules.
 []

[64

] (./thesis.bbl (./babelbst.tex (./englbst.tex)) [65

] [66]
Underfull \hbox (badness 2012) in paragraph at lines 158--160
[]\T1/cmr/m/n/12 Karelson, M., \T1/cmr/m/it/12 Molec-u-lar De-scrip-tors in QSA
R/QSPR\T1/cmr/m/n/12 .  Wiley-
 []

[67] [68] [69]) [70] (./thesis.aux)

LaTeX Warning: Label(s) may have changed. Rerun to get cross-references right.

 ) 
Here is how much of TeX's memory you used:
 7457 strings out of 493315
 97726 string characters out of 6137904
 236413 words of memory out of 5000000
 10644 multiletter control sequences out of 15000+600000
 31992 words of font info for 96 fonts, out of 8000000 for 9000
 957 hyphenation exceptions out of 8191
 38i,18n,26p,3238b,371s stack positions out of 5000i,500n,10000p,200000b,80000s
{/usr/local/texlive/2013/texmf-dist/fonts/enc/dvips/cm-super/cm-super-t1.enc}
</usr/local/texlive/2013/texmf-dist/fonts/type1/public/amsfonts/cm/cmbx12.pfb><
/usr/local/texlive/2013/texmf-dist/fonts/type1/public/amsfonts/cm/cmbx8.pfb></u
sr/local/texlive/2013/texmf-dist/fonts/type1/public/amsfonts/cm/cmex10.pfb></us
r/local/texlive/2013/texmf-dist/fonts/type1/public/amsfonts/cm/cmmi10.pfb></usr
/local/texlive/2013/texmf-dist/fonts/type1/public/amsfonts/cm/cmmi12.pfb></usr/
local/texlive/2013/texmf-dist/fonts/type1/public/amsfonts/cm/cmmi6.pfb></usr/lo
cal/texlive/2013/texmf-dist/fonts/type1/public/amsfonts/cm/cmmi7.pfb></usr/loca
l/texlive/2013/texmf-dist/fonts/type1/public/amsfonts/cm/cmmi8.pfb></usr/local/
texlive/2013/texmf-dist/fonts/type1/public/amsfonts/cm/cmr10.pfb></usr/local/te
xlive/2013/texmf-dist/fonts/type1/public/amsfonts/cm/cmr12.pfb></usr/local/texl
ive/2013/texmf-dist/fonts/type1/public/amsfonts/cm/cmr6.pfb></usr/local/texlive
/2013/texmf-dist/fonts/type1/public/amsfonts/cm/cmr8.pfb></usr/local/texlive/20
13/texmf-dist/fonts/type1/public/amsfonts/cm/cmsy10.pfb></usr/local/texlive/201
3/texmf-dist/fonts/type1/public/amsfonts/cm/cmsy6.pfb></usr/local/texlive/2013/
texmf-dist/fonts/type1/public/amsfonts/cm/cmsy8.pfb></usr/local/texlive/2013/te
xmf-dist/fonts/type1/public/amsfonts/latxfont/line10.pfb></usr/local/texlive/20
13/texmf-dist/fonts/type1/public/amsfonts/symbols/msbm10.pfb></usr/local/texliv
e/2013/texmf-dist/fonts/type1/public/cm-super/sfbi1095.pfb></usr/local/texlive/
2013/texmf-dist/fonts/type1/public/cm-super/sfbi1200.pfb></usr/local/texlive/20
13/texmf-dist/fonts/type1/public/cm-super/sfbx1095.pfb></usr/local/texlive/2013
/texmf-dist/fonts/type1/public/cm-super/sfbx1200.pfb></usr/local/texlive/2013/t
exmf-dist/fonts/type1/public/cm-super/sfbx1440.pfb></usr/local/texlive/2013/tex
mf-dist/fonts/type1/public/cm-super/sfbx1728.pfb></usr/local/texlive/2013/texmf
-dist/fonts/type1/public/cm-super/sfrm0600.pfb></usr/local/texlive/2013/texmf-d
ist/fonts/type1/public/cm-super/sfrm0700.pfb></usr/local/texlive/2013/texmf-dis
t/fonts/type1/public/cm-super/sfrm0800.pfb></usr/local/texlive/2013/texmf-dist/
fonts/type1/public/cm-super/sfrm1000.pfb></usr/local/texlive/2013/texmf-dist/fo
nts/type1/public/cm-super/sfrm1095.pfb></usr/local/texlive/2013/texmf-dist/font
s/type1/public/cm-super/sfrm1200.pfb></usr/local/texlive/2013/texmf-dist/fonts/
type1/public/cm-super/sfsl1200.pfb></usr/local/texlive/2013/texmf-dist/fonts/ty
pe1/public/cm-super/sfti1000.pfb></usr/local/texlive/2013/texmf-dist/fonts/type
1/public/cm-super/sfti1200.pfb></usr/local/texlive/2013/texmf-dist/fonts/type1/
public/cm-super/sftt1200.pfb></usr/local/texlive/2013/texmf-dist/fonts/type1/pu
blic/stmaryrd/stmary10.pfb>
Output written on thesis.pdf (75 pages, 1906147 bytes).
PDF statistics:
 813 PDF objects out of 1000 (max. 8388607)
 551 compressed objects within 6 object streams
 0 named destinations out of 1000 (max. 500000)
 151 words of extra memory for PDF output out of 10000 (max. 10000000)

